Using pre-set license
Built from '2020.3/release' branch; Version is '2020.3.2f1 (8fd9074bf66c) revision 9427207'; Using compiler version '192528614'; Build Type 'Release'
OS: 'Windows 10 Home; OS build 19042.1237; Version 2009; 64bit' Language: 'fr' Physical Memory: 8075 MB
BatchMode: 1, IsHumanControllingUs: 0, StartBugReporterOnCrash: 0, Is64bit: 1, IsPro: 0

 COMMAND LINE ARGUMENTS:
D:\Logiciels\Unity versions\2020.3.2f1\Editor\Unity.exe
-adb2
-batchMode
-noUpm
-name
AssetImportWorker0
-projectPath
C:/Users/Acer/Documents/GitHub/BenanouBird
-logFile
Logs/AssetImportWorker0.log
-srvPort
51795
Successfully changed project path to: C:/Users/Acer/Documents/GitHub/BenanouBird
C:/Users/Acer/Documents/GitHub/BenanouBird
Using Asset Import Pipeline V2.
Refreshing native plugins compatible for Editor in 69.92 ms, found 1 plugins.
Preloading 0 native plugins for Editor in 0.00 ms.
Initialize engine version: 2020.3.2f1 (8fd9074bf66c)
[Subsystems] Discovering subsystems at path D:/Logiciels/Unity versions/2020.3.2f1/Editor/Data/Resources/UnitySubsystems
[Subsystems] Discovering subsystems at path C:/Users/Acer/Documents/GitHub/BenanouBird/Assets
GfxDevice: creating device client; threaded=0
Direct3D:
    Version:  Direct3D 11.0 [level 11.1]
    Renderer: NVIDIA GeForce GTX 1060 (ID=0x1c20)
    Vendor:   
    VRAM:     6052 MB
    Driver:   24.21.13.9907
Initialize mono
Mono path[0] = 'D:/Logiciels/Unity versions/2020.3.2f1/Editor/Data/Managed'
Mono path[1] = 'D:/Logiciels/Unity versions/2020.3.2f1/Editor/Data/MonoBleedingEdge/lib/mono/unityjit'
Mono config path = 'D:/Logiciels/Unity versions/2020.3.2f1/Editor/Data/MonoBleedingEdge/etc'
Using monoOptions --debugger-agent=transport=dt_socket,embedding=1,server=y,suspend=n,address=127.0.0.1:56176
Begin MonoManager ReloadAssembly
Registering precompiled unity dll's ...
Register platform support module: D:/Logiciels/Unity versions/2020.3.2f1/Editor/Data/PlaybackEngines/WindowsStandaloneSupport/UnityEditor.WindowsStandalone.Extensions.dll
Registered in 0.004252 seconds.
Native extension for WindowsStandalone target not found
Refreshing native plugins compatible for Editor in 43.86 ms, found 1 plugins.
Preloading 0 native plugins for Editor in 0.00 ms.
Invoked RoslynAnalysisRunner static constructor.
RoslynAnalysisRunner will not be running.
RoslynAnalysisRunner has terminated.
Mono: successfully reloaded assembly
- Completed reload, in  2.697 seconds
Platform modules already initialized, skipping
Registering precompiled user dll's ...
Registered in 0.001226 seconds.
Begin MonoManager ReloadAssembly
Native extension for WindowsStandalone target not found
Refreshing native plugins compatible for Editor in 40.87 ms, found 1 plugins.
Preloading 0 native plugins for Editor in 0.00 ms.
Invoked RoslynAnalysisRunner static constructor.
RoslynAnalysisRunner will not be running.
RoslynAnalysisRunner has terminated.
Mono: successfully reloaded assembly
- Completed reload, in  1.088 seconds
Platform modules already initialized, skipping
========================================================================
Worker process is ready to serve import requests
Launched and connected shader compiler UnityShaderCompiler.exe after 0.07 seconds
Refreshing native plugins compatible for Editor in 0.60 ms, found 1 plugins.
Preloading 0 native plugins for Editor in 0.00 ms.
Unloading 1829 Unused Serialized files (Serialized files now loaded: 0)
System memory in use before: 87.0 MB.
System memory in use after: 87.1 MB.

Unloading 19 unused Assets to reduce memory usage. Loaded Objects now: 2276.
Total: 3.288100 ms (FindLiveObjects: 0.328300 ms CreateObjectMapping: 0.184700 ms MarkObjects: 2.681400 ms  DeleteObjects: 0.091500 ms)

========================================================================
Received Import Request.
  path: Assets/Scenes/SampleScene.unity
  artifactKey: Guid(2cda990e2423bbf4892e6590ba056729) Importer(815301076,1909f56bfc062723c751e8b465ee728b)
Start importing Assets/Scenes/SampleScene.unity using Guid(2cda990e2423bbf4892e6590ba056729) Importer(815301076,1909f56bfc062723c751e8b465ee728b)  -> (artifact id: 'a6cfeb3d5c4fc297b46aab16cf3058d4') in 0.027178 seconds
  Import took 0.031464 seconds .

========================================================================
Received Import Request.
  Time since last request: 0.000470 seconds.
  path: Assets/Scenes
  artifactKey: Guid(5d09f3cb692938a428536c2f4b02d1f5) Importer(815301076,1909f56bfc062723c751e8b465ee728b)
Start importing Assets/Scenes using Guid(5d09f3cb692938a428536c2f4b02d1f5) Importer(815301076,1909f56bfc062723c751e8b465ee728b)  -> (artifact id: '56e6a89ec2cd0262080ab7e423f6c927') in 0.010080 seconds
  Import took 0.015417 seconds .

========================================================================
Received Prepare
Registering precompiled user dll's ...
Registered in 0.002576 seconds.
Begin MonoManager ReloadAssembly
Native extension for WindowsStandalone target not found
Refreshing native plugins compatible for Editor in 0.34 ms, found 1 plugins.
Preloading 0 native plugins for Editor in 0.00 ms.
Invoked RoslynAnalysisRunner static constructor.
RoslynAnalysisRunner will not be running.
RoslynAnalysisRunner has terminated.
Mono: successfully reloaded assembly
- Completed reload, in  0.963 seconds
Platform modules already initialized, skipping
Refreshing native plugins compatible for Editor in 0.36 ms, found 1 plugins.
Preloading 0 native plugins for Editor in 0.00 ms.
Unloading 1806 Unused Serialized files (Serialized files now loaded: 0)
System memory in use before: 85.2 MB.
System memory in use after: 85.3 MB.

Unloading 7 unused Assets to reduce memory usage. Loaded Objects now: 2280.
Total: 1.834300 ms (FindLiveObjects: 0.179800 ms CreateObjectMapping: 0.061500 ms MarkObjects: 1.555800 ms  DeleteObjects: 0.036400 ms)

========================================================================
Received Prepare
Registering precompiled user dll's ...
Registered in 0.001506 seconds.
Begin MonoManager ReloadAssembly
Native extension for WindowsStandalone target not found
Refreshing native plugins compatible for Editor in 0.36 ms, found 1 plugins.
Preloading 0 native plugins for Editor in 0.00 ms.
Invoked RoslynAnalysisRunner static constructor.
RoslynAnalysisRunner will not be running.
RoslynAnalysisRunner has terminated.
Mono: successfully reloaded assembly
- Completed reload, in  1.105 seconds
Platform modules already initialized, skipping
Switching build target platform(5) subTarget(0) extendedPlatform(0) -> platform(13) subTarget(537395200) extendedPlatform(0)
Refreshing native plugins compatible for Editor in 0.33 ms, found 1 plugins.
Preloading 0 native plugins for Editor in 0.00 ms.
Unloading 1810 Unused Serialized files (Serialized files now loaded: 0)
System memory in use before: 85.1 MB.
System memory in use after: 85.2 MB.

Unloading 7 unused Assets to reduce memory usage. Loaded Objects now: 2284.
Total: 2.662800 ms (FindLiveObjects: 0.281300 ms CreateObjectMapping: 0.131700 ms MarkObjects: 2.232600 ms  DeleteObjects: 0.015900 ms)

AssetImportParameters requested are different than current active one (requested -> active):
  custom:graphics/normal-map-encoding: 01000000000000000000000000000000 -> 02000000000000000000000000000000
========================================================================
Received Prepare
Refreshing native plugins compatible for Editor in 1.85 ms, found 1 plugins.
Preloading 0 native plugins for Editor in 0.00 ms.
Unloading 5 Unused Serialized files (Serialized files now loaded: 0)
System memory in use before: 49.5 MB.
System memory in use after: 49.6 MB.

Unloading 5 unused Assets to reduce memory usage. Loaded Objects now: 2284.
Total: 2.216100 ms (FindLiveObjects: 0.381800 ms CreateObjectMapping: 0.090700 ms MarkObjects: 1.707400 ms  DeleteObjects: 0.034700 ms)

========================================================================
Received Import Request.
  Time since last request: 317.449074 seconds.
  path: Assets/Graphics/background-day.png
  artifactKey: Guid(2726a0ab22d702148ab563aa751d1973) Importer(815301076,1909f56bfc062723c751e8b465ee728b)
Start importing Assets/Graphics/background-day.png using Guid(2726a0ab22d702148ab563aa751d1973) Importer(815301076,1909f56bfc062723c751e8b465ee728b)  -> (artifact id: '83819bd9f3a49460e1b607dbe54af2d7') in 0.184540 seconds
  Import took 0.188643 seconds .

========================================================================
Received Import Request.
  Time since last request: 0.000386 seconds.
  path: Assets/Graphics/pipe-green.png
  artifactKey: Guid(f91e5a8e075124f438c0e0e0c8e7ecad) Importer(815301076,1909f56bfc062723c751e8b465ee728b)
Start importing Assets/Graphics/pipe-green.png using Guid(f91e5a8e075124f438c0e0e0c8e7ecad) Importer(815301076,1909f56bfc062723c751e8b465ee728b)  -> (artifact id: 'd8206cf7642946f071c4e2ae39997429') in 0.024465 seconds
  Import took 0.027552 seconds .

========================================================================
Received Import Request.
  Time since last request: 0.000297 seconds.
  path: Assets/Graphics/Bird Black.png
  artifactKey: Guid(25df99c8df82f044fb6599d83b7d2ede) Importer(815301076,1909f56bfc062723c751e8b465ee728b)
Start importing Assets/Graphics/Bird Black.png using Guid(25df99c8df82f044fb6599d83b7d2ede) Importer(815301076,1909f56bfc062723c751e8b465ee728b)  -> (artifact id: 'c5d259c3fb9c86eaf973566d07881a25') in 0.118458 seconds
  Import took 0.122377 seconds .

========================================================================
Received Import Request.
  Time since last request: 0.000286 seconds.
  path: Assets/Graphics/message.png
  artifactKey: Guid(397d2abfbf49d9144be6754d2caadb6b) Importer(815301076,1909f56bfc062723c751e8b465ee728b)
Start importing Assets/Graphics/message.png using Guid(397d2abfbf49d9144be6754d2caadb6b) Importer(815301076,1909f56bfc062723c751e8b465ee728b)  -> (artifact id: '831ab82dc8e4fda231d9f650fbb5965d') in 0.021108 seconds
  Import took 0.024694 seconds .

========================================================================
Received Import Request.
  Time since last request: 0.000227 seconds.
  path: Assets/Graphics/gameover.png
  artifactKey: Guid(a07abcc28d5d1e5499270a074565d11d) Importer(815301076,1909f56bfc062723c751e8b465ee728b)
Start importing Assets/Graphics/gameover.png using Guid(a07abcc28d5d1e5499270a074565d11d) Importer(815301076,1909f56bfc062723c751e8b465ee728b)  -> (artifact id: 'c8d6a70c23155e1dd9e5b544223b9a73') in 0.014954 seconds
  Import took 0.017970 seconds .

========================================================================
Received Import Request.
  Time since last request: 0.000273 seconds.
  path: Assets/Graphics/yellowbird-downflap.png
  artifactKey: Guid(f4d009c0f5e4361478ec93c6aad28606) Importer(815301076,1909f56bfc062723c751e8b465ee728b)
Start importing Assets/Graphics/yellowbird-downflap.png using Guid(f4d009c0f5e4361478ec93c6aad28606) Importer(815301076,1909f56bfc062723c751e8b465ee728b)  -> (artifact id: 'b81fc89fd7a5c4a6daedaf54ca510f54') in 0.017462 seconds
  Import took 0.021283 seconds .

========================================================================
Received Import Request.
  Time since last request: 0.000260 seconds.
  path: Assets/Graphics/background-day.png
  artifactKey: Guid(2726a0ab22d702148ab563aa751d1973) Importer(815301076,1909f56bfc062723c751e8b465ee728b)
Start importing Assets/Graphics/background-day.png using Guid(2726a0ab22d702148ab563aa751d1973) Importer(815301076,1909f56bfc062723c751e8b465ee728b)  -> (artifact id: '83819bd9f3a49460e1b607dbe54af2d7') in 0.010602 seconds
  Import took 0.013739 seconds .

========================================================================
Received Import Request.
  Time since last request: 0.000295 seconds.
  path: Assets/Graphics/LogoFlappy.jpg
  artifactKey: Guid(44e8a06a9ca168c448f3c26c09e9bb34) Importer(815301076,1909f56bfc062723c751e8b465ee728b)
Start importing Assets/Graphics/LogoFlappy.jpg using Guid(44e8a06a9ca168c448f3c26c09e9bb34) Importer(815301076,1909f56bfc062723c751e8b465ee728b)  -> (artifact id: 'ea56fdb75403df1cb8e306a572190ca7') in 0.089437 seconds
  Import took 0.094205 seconds .

========================================================================
Received Import Request.
  Time since last request: 0.000257 seconds.
  path: Assets/Graphics/yellowbird-upflap.png
  artifactKey: Guid(be082bbd3a592414d95601297e9ff379) Importer(815301076,1909f56bfc062723c751e8b465ee728b)
Start importing Assets/Graphics/yellowbird-upflap.png using Guid(be082bbd3a592414d95601297e9ff379) Importer(815301076,1909f56bfc062723c751e8b465ee728b)  -> (artifact id: '247bf6d6be45efb1068eb4a19df5b4a8') in 0.017692 seconds
  Import took 0.021496 seconds .

========================================================================
Received Import Request.
  Time since last request: 0.000274 seconds.
  path: Assets/Graphics/yellowbird-midflap.png
  artifactKey: Guid(31e16fbeec53c9d4c96439503b46db1d) Importer(815301076,1909f56bfc062723c751e8b465ee728b)
Start importing Assets/Graphics/yellowbird-midflap.png using Guid(31e16fbeec53c9d4c96439503b46db1d) Importer(815301076,1909f56bfc062723c751e8b465ee728b)  -> (artifact id: '54f780e29fcd739e310bf619cf58c551') in 0.018505 seconds
  Import took 0.022185 seconds .

========================================================================
Received Import Request.
  Time since last request: 0.000351 seconds.
  path: Assets/Graphics/base.png
  artifactKey: Guid(a54ed8403836ebf4892c3c3fb028f55d) Importer(815301076,1909f56bfc062723c751e8b465ee728b)
Start importing Assets/Graphics/base.png using Guid(a54ed8403836ebf4892c3c3fb028f55d) Importer(815301076,1909f56bfc062723c751e8b465ee728b)  -> (artifact id: 'f41c145ebce8dcd734586ab491211324') in 0.023951 seconds
  Import took 0.027850 seconds .

========================================================================
Received Prepare
Refreshing native plugins compatible for Editor in 1.79 ms, found 1 plugins.
Preloading 0 native plugins for Editor in 0.00 ms.
Unloading 5 Unused Serialized files (Serialized files now loaded: 0)
System memory in use before: 52.9 MB.
System memory in use after: 53.1 MB.

Unloading 5 unused Assets to reduce memory usage. Loaded Objects now: 2305.
Total: 2.468900 ms (FindLiveObjects: 0.210400 ms CreateObjectMapping: 0.063300 ms MarkObjects: 2.157700 ms  DeleteObjects: 0.036100 ms)

AssetImportWorkerClient::OnTransportError - code=2 error=End of file
